
ROM used:   343/8192 (4%)
            343/8192 (4%) including unused fragments

            0.5 Average locations per line
            21.4 Average locations per statement

RAM used:   6/368 (2%) at main() level
            16/368 (4%) worst case

Stack used: 2 worst case (2 in main + 0 for interrupts)
Stack size: 8

Lines Stmts  %   Files
----- ----- ---  -----
   36    16 100  main.c
  671     0   0  ..\..\..\..\SOFTWARE\pic compiler\PICC\Devices\16F877A.h
----- -----
  707    16 Total

Page ROM  %  RAM   Vol Diff  Functions:
---- --- --- ---   --- ----  ----------
0     21   6    1             @delay_ms1
0    103  30    1   339  3.7  main
0      7   2    0             @const629
0     89  26    5             @PSTRINGCN7_9600_62_63
0     21   6    3             @DIV88
0     91  27    6             @PRINTF_D_9600_62_63
0      7   2    0             @const638
 Inline         0             @cinit1

Program metrics:
    Functions               1
    Statements              16
    Comments                120
    Volume (V)              355
    Difficulty (D)          3.0
    Effort to implement (E) 1065
    Time to implement (T)   1 minutes
    Est Delivered Bugs (B)  0
    Cyclomatic Complexity   1
    Maintainability (MI)    48

 Segment     Used  Free
-----------  ----  ----
00000-00003     4  0  
00004-007FF   339  1705  
00800-00FFF     0  2048  
01000-017FF     0  2048  
01800-01FFF     0  2048  



